<?xml version="1.0" encoding="UTF-8"?>
<!-- Generated by org.testng.reporters.JUnitReportReporter -->
<testsuite hostname="saroj-HP" name="com.qa.tests.LoginPageTest" tests="2" failures="0" timestamp="20 Oct 2019 06:13:19 GMT" time="24.177" errors="0">
  <testcase name="loginPageTitleTest" time="10.431" classname="com.qa.tests.LoginPageTest"/>
  <testcase name="loginTest" time="13.746" classname="com.qa.tests.LoginPageTest"/>
</testsuite> <!-- com.qa.tests.LoginPageTest -->
