<?xml version="1.0" encoding="UTF-8"?>
<!-- Generated by org.testng.reporters.JUnitReportReporter -->
<testsuite hostname="saroj-HP" name="basePack.base" tests="1" failures="0" timestamp="22 Sep 2019 13:43:12 GMT" time="13.715" errors="0">
  <testcase name="initi" time="13.715" classname="basePack.base"/>
</testsuite> <!-- basePack.base -->
