<?xml version="1.0" encoding="UTF-8"?>
<!-- Generated by org.testng.reporters.JUnitReportReporter -->
<testsuite hostname="saroj-HP" name="com.qa.tests.LeavePageTest" tests="3" failures="0" timestamp="29 Dec 2019 15:13:59 GMT" time="4.090" errors="0">
  <testcase name="clickLeaveTabTest" time="3.344" classname="com.qa.tests.LeavePageTest"/>
  <testcase name="verifyLeaveListTest" time="0.702" classname="com.qa.tests.LeavePageTest"/>
  <testcase name="verifyLeavePageURLTest" time="0.044" classname="com.qa.tests.LeavePageTest"/>
</testsuite> <!-- com.qa.tests.LeavePageTest -->
