<?xml version="1.0" encoding="UTF-8"?>
<!-- Generated by org.testng.reporters.JUnitReportReporter -->
<testsuite hostname="saroj-HP" name="com.qa.tests.HomePageTest" tests="3" failures="0" timestamp="15 Dec 2019 10:18:22 GMT" time="4.782" errors="0">
  <testcase name="verifyWelcomeLabelTest" time="0.210" classname="com.qa.tests.HomePageTest"/>
  <testcase name="verifyAdminLinkTest" time="4.548" classname="com.qa.tests.HomePageTest"/>
  <testcase name="verifyHomePageTitleTest" time="0.024" classname="com.qa.tests.HomePageTest"/>
</testsuite> <!-- com.qa.tests.HomePageTest -->
