<?xml version="1.0" encoding="UTF-8"?>
<!-- Generated by org.testng.reporters.JUnitReportReporter -->
<testsuite hostname="saroj-HP" name="com.qa.tests.loginTest" tests="2" failures="0" timestamp="6 Oct 2019 15:10:41 GMT" time="20.888" errors="0">
  <testcase name="loginTest" time="10.624" classname="com.qa.tests.loginTest"/>
  <testcase name="loginPageTitleTest" time="10.264" classname="com.qa.tests.loginTest"/>
</testsuite> <!-- com.qa.tests.loginTest -->
