<?xml version="1.0" encoding="UTF-8"?>
<!-- Generated by org.testng.reporters.JUnitReportReporter -->
<testsuite hostname="saroj-HP" name="com.qa.tests.AdminPageTest" tests="5" failures="0" timestamp="20 Oct 2019 06:13:19 GMT" time="120.633" errors="0">
  <testcase name="verifyAdminPageURLTest" time="16.940" classname="com.qa.tests.AdminPageTest"/>
  <testcase name="validateCreateNewUser" time="27.041" classname="com.qa.tests.AdminPageTest"/>
  <testcase name="validateCreateNewUser" time="30.002" classname="com.qa.tests.AdminPageTest"/>
  <testcase name="clickAddBtnTest" time="24.565" classname="com.qa.tests.AdminPageTest"/>
  <testcase name="validateCreateNewUser" time="22.085" classname="com.qa.tests.AdminPageTest"/>
</testsuite> <!-- com.qa.tests.AdminPageTest -->
