<?xml version="1.0" encoding="UTF-8"?>
<!-- Generated by org.testng.reporters.JUnitReportReporter -->
<testsuite hostname="saroj-HP" name="com.qa.tests.LoginPageTest" tests="3" failures="0" timestamp="25 Dec 2019 13:42:49 GMT" time="2.710" errors="0">
  <testcase name="loginTest" time="2.658" classname="com.qa.tests.LoginPageTest"/>
  <testcase name="loginPageTitleTest" time="0.040" classname="com.qa.tests.LoginPageTest"/>
  <testcase name="testM" time="0.012" classname="com.qa.tests.LoginPageTest"/>
</testsuite> <!-- com.qa.tests.LoginPageTest -->
